<?xml version="1.0" encoding="UTF-8"?>
<coverage generated="1713721077389" clover="3.2.0">
  <project timestamp="1713721077389" name="All files">
    <metrics statements="24" coveredstatements="23" conditionals="12" coveredconditionals="8" methods="12" coveredmethods="11" elements="48" coveredelements="42" complexity="0" loc="24" ncloc="24" packages="1" files="2" classes="2"/>
    <file name="Body.js" path="C:\Users\91844\Desktop\namaste-react\13 - Time for the test\code\src\components\Body.js">
      <metrics statements="18" coveredstatements="17" conditionals="12" coveredconditionals="8" methods="9" coveredmethods="8"/>
      <line num="6" count="1" type="stmt"/>
      <line num="7" count="7" type="stmt"/>
      <line num="9" count="7" type="stmt"/>
      <line num="10" count="7" type="stmt"/>
      <line num="12" count="7" type="stmt"/>
      <line num="14" count="7" type="stmt"/>
      <line num="16" count="7" type="stmt"/>
      <line num="17" count="1" type="stmt"/>
      <line num="18" count="9" type="stmt"/>
      <line num="20" count="1" type="stmt"/>
      <line num="23" count="7" type="stmt"/>
      <line num="24" count="9" type="stmt"/>
      <line num="26" count="1" type="stmt"/>
      <line num="29" count="7" type="stmt"/>
      <line num="44" count="1" type="stmt"/>
      <line num="65" count="0" type="stmt"/>
      <line num="72" count="7" type="stmt"/>
      <line num="79" count="36" type="cond" truecount="1" falsecount="1"/>
    </file>
    <file name="RestaurantCard.js" path="C:\Users\91844\Desktop\namaste-react\13 - Time for the test\code\src\components\RestaurantCard.js">
      <metrics statements="6" coveredstatements="6" conditionals="0" coveredconditionals="0" methods="3" coveredmethods="3"/>
      <line num="4" count="1" type="stmt"/>
      <line num="5" count="43" type="stmt"/>
      <line num="6" count="43" type="stmt"/>
      <line num="30" count="1" type="stmt"/>
      <line num="31" count="7" type="stmt"/>
      <line num="32" count="36" type="stmt"/>
    </file>
  </project>
</coverage>
