<?xml version="1.0" encoding="UTF-8"?>
<coverage generated="1713777102764" clover="3.2.0">
  <project timestamp="1713777102764" name="All files">
    <metrics statements="31" coveredstatements="28" conditionals="16" coveredconditionals="9" methods="12" coveredmethods="10" elements="59" coveredelements="47" complexity="0" loc="31" ncloc="31" packages="2" files="4" classes="4"/>
    <package name="components">
      <metrics statements="30" coveredstatements="27" conditionals="16" coveredconditionals="9" methods="12" coveredmethods="10"/>
      <file name="Cart.js" path="C:\Users\91844\Desktop\namaste-react\13 - Time for the test\code\src\components\Cart.js">
        <metrics statements="8" coveredstatements="7" conditionals="2" coveredconditionals="2" methods="4" coveredmethods="3"/>
        <line num="6" count="1" type="stmt"/>
        <line num="8" count="8" type="stmt"/>
        <line num="10" count="4" type="stmt"/>
        <line num="11" count="4" type="stmt"/>
        <line num="12" count="1" type="stmt"/>
        <line num="14" count="4" type="stmt"/>
        <line num="15" count="0" type="stmt"/>
        <line num="17" count="4" type="stmt"/>
      </file>
      <file name="Header.js" path="C:\Users\91844\Desktop\namaste-react\13 - Time for the test\code\src\components\Header.js">
        <metrics statements="7" coveredstatements="6" conditionals="8" coveredconditionals="4" methods="3" coveredmethods="2"/>
        <line num="8" count="1" type="stmt"/>
        <line num="9" count="4" type="stmt"/>
        <line num="10" count="4" type="stmt"/>
        <line num="11" count="4" type="stmt"/>
        <line num="13" count="8" type="stmt"/>
        <line num="15" count="4" type="stmt"/>
        <line num="67" count="0" type="cond" truecount="0" falsecount="2"/>
      </file>
      <file name="RestaurantMenu.js" path="C:\Users\91844\Desktop\namaste-react\13 - Time for the test\code\src\components\RestaurantMenu.js">
        <metrics statements="15" coveredstatements="14" conditionals="6" coveredconditionals="3" methods="5" coveredmethods="5"/>
        <line num="10" count="1" type="stmt"/>
        <line num="11" count="2" type="stmt"/>
        <line num="13" count="2" type="stmt"/>
        <line num="15" count="2" type="stmt"/>
        <line num="17" count="2" type="cond" truecount="1" falsecount="1"/>
        <line num="20" count="2" type="cond" truecount="1" falsecount="1"/>
        <line num="22" count="2" type="stmt"/>
        <line num="24" count="54" type="stmt"/>
        <line num="27" count="2" type="stmt"/>
        <line num="29" count="1" type="cond" truecount="1" falsecount="1"/>
        <line num="30" count="0" type="stmt"/>
        <line num="32" count="1" type="stmt"/>
        <line num="36" count="2" type="stmt"/>
        <line num="55" count="48" type="stmt"/>
        <line num="60" count="1" type="stmt"/>
      </file>
    </package>
    <package name="utils">
      <metrics statements="1" coveredstatements="1" conditionals="0" coveredconditionals="0" methods="0" coveredmethods="0"/>
      <file name="appStore.js" path="C:\Users\91844\Desktop\namaste-react\13 - Time for the test\code\src\utils\appStore.js">
        <metrics statements="1" coveredstatements="1" conditionals="0" coveredconditionals="0" methods="0" coveredmethods="0"/>
        <line num="4" count="1" type="stmt"/>
      </file>
    </package>
  </project>
</coverage>
