{"C:\\Users\\91844\\Desktop\\namaste-react\\13 - Time for the test\\code\\src\\components\\ContactUs.js": {"path":"C:\\Users\\91844\\Desktop\\namaste-react\\13 - Time for the test\\code\\src\\components\\ContactUs.js","statementMap":{"0":{"start":{"line":3,"column":18},"end":{"line":28,"column":1}},"1":{"start":{"line":4,"column":2},"end":{"line":27,"column":4}}},"fnMap":{"0":{"name":"(anonymous_0)","decl":{"start":{"line":3,"column":18},"end":{"line":3,"column":19}},"loc":{"start":{"line":3,"column":24},"end":{"line":28,"column":1}},"line":3}},"branchMap":{},"s":{"0":1,"1":3},"f":{"0":3},"b":{},"_coverageSchema":"1a1c01bbd47fc00a2c39e90264f33305004495a9","hash":"85212e4fa11f37f52c251911e3c7b7082fc9613e"}
,"C:\\Users\\91844\\Desktop\\namaste-react\\13 - Time for the test\\code\\src\\components\\sum.js": {"path":"C:\\Users\\91844\\Desktop\\namaste-react\\13 - Time for the test\\code\\src\\components\\sum.js","statementMap":{"0":{"start":{"line":1,"column":19},"end":{"line":3,"column":1}},"1":{"start":{"line":2,"column":2},"end":{"line":2,"column":15}}},"fnMap":{"0":{"name":"(anonymous_0)","decl":{"start":{"line":1,"column":19},"end":{"line":1,"column":20}},"loc":{"start":{"line":1,"column":29},"end":{"line":3,"column":1}},"line":1}},"branchMap":{},"s":{"0":1,"1":1},"f":{"0":1},"b":{},"_coverageSchema":"1a1c01bbd47fc00a2c39e90264f33305004495a9","hash":"2d76d71fa1ad1a380034ba15ace23993d527ba0b"}
}
