{"C:\\Users\\91844\\Desktop\\namaste-react\\13 - Time for the test\\code\\src\\components\\Body.js": {"path":"C:\\Users\\91844\\Desktop\\namaste-react\\13 - Time for the test\\code\\src\\components\\Body.js","statementMap":{"0":{"start":{"line":6,"column":13},"end":{"line":99,"column":1}},"1":{"start":{"line":7,"column":51},"end":{"line":7,"column":65}},"2":{"start":{"line":9,"column":36},"end":{"line":9,"column":48}},"3":{"start":{"line":10,"column":42},"end":{"line":10,"column":54}},"4":{"start":{"line":12,"column":31},"end":{"line":12,"column":55}},"5":{"start":{"line":14,"column":40},"end":{"line":14,"column":63}},"6":{"start":{"line":16,"column":23},"end":{"line":21,"column":3}},"7":{"start":{"line":17,"column":28},"end":{"line":19,"column":6}},"8":{"start":{"line":18,"column":6},"end":{"line":18,"column":75}},"9":{"start":{"line":20,"column":4},"end":{"line":20,"column":37}},"10":{"start":{"line":23,"column":25},"end":{"line":27,"column":3}},"11":{"start":{"line":24,"column":28},"end":{"line":24,"column":86}},"12":{"start":{"line":24,"column":63},"end":{"line":24,"column":85}},"13":{"start":{"line":26,"column":4},"end":{"line":26,"column":37}},"14":{"start":{"line":29,"column":2},"end":{"line":98,"column":4}},"15":{"start":{"line":44,"column":31},"end":{"line":44,"column":59}},"16":{"start":{"line":65,"column":16},"end":{"line":65,"column":44}},"17":{"start":{"line":72,"column":16},"end":{"line":75,"column":18}},"18":{"start":{"line":79,"column":16},"end":{"line":89,"column":17}}},"fnMap":{"0":{"name":"(anonymous_0)","decl":{"start":{"line":6,"column":13},"end":{"line":6,"column":14}},"loc":{"start":{"line":6,"column":19},"end":{"line":99,"column":1}},"line":6},"1":{"name":"(anonymous_1)","decl":{"start":{"line":16,"column":23},"end":{"line":16,"column":24}},"loc":{"start":{"line":16,"column":29},"end":{"line":21,"column":3}},"line":16},"2":{"name":"(anonymous_2)","decl":{"start":{"line":17,"column":54},"end":{"line":17,"column":55}},"loc":{"start":{"line":17,"column":63},"end":{"line":19,"column":5}},"line":17},"3":{"name":"(anonymous_3)","decl":{"start":{"line":23,"column":25},"end":{"line":23,"column":26}},"loc":{"start":{"line":23,"column":31},"end":{"line":27,"column":3}},"line":23},"4":{"name":"(anonymous_4)","decl":{"start":{"line":24,"column":54},"end":{"line":24,"column":55}},"loc":{"start":{"line":24,"column":63},"end":{"line":24,"column":85}},"line":24},"5":{"name":"(anonymous_5)","decl":{"start":{"line":44,"column":24},"end":{"line":44,"column":25}},"loc":{"start":{"line":44,"column":31},"end":{"line":44,"column":59}},"line":44},"6":{"name":"(anonymous_6)","decl":{"start":{"line":64,"column":24},"end":{"line":64,"column":25}},"loc":{"start":{"line":64,"column":31},"end":{"line":66,"column":15}},"line":64},"7":{"name":"(anonymous_7)","decl":{"start":{"line":71,"column":31},"end":{"line":71,"column":32}},"loc":{"start":{"line":72,"column":16},"end":{"line":75,"column":18}},"line":72},"8":{"name":"(anonymous_8)","decl":{"start":{"line":78,"column":37},"end":{"line":78,"column":38}},"loc":{"start":{"line":79,"column":16},"end":{"line":89,"column":17}},"line":79}},"branchMap":{"0":{"loc":{"start":{"line":31,"column":7},"end":{"line":96,"column":7}},"type":"cond-expr","locations":[{"start":{"line":32,"column":8},"end":{"line":32,"column":19}},{"start":{"line":33,"column":10},"end":{"line":96,"column":7}}],"line":31},"1":{"loc":{"start":{"line":33,"column":10},"end":{"line":96,"column":7}},"type":"cond-expr","locations":[{"start":{"line":34,"column":8},"end":{"line":34,"column":55}},{"start":{"line":36,"column":8},"end":{"line":95,"column":14}}],"line":33},"2":{"loc":{"start":{"line":63,"column":21},"end":{"line":63,"column":62}},"type":"cond-expr","locations":[{"start":{"line":63,"column":45},"end":{"line":63,"column":47}},{"start":{"line":63,"column":50},"end":{"line":63,"column":62}}],"line":63},"3":{"loc":{"start":{"line":70,"column":13},"end":{"line":93,"column":13}},"type":"cond-expr","locations":[{"start":{"line":71,"column":14},"end":{"line":76,"column":16}},{"start":{"line":77,"column":16},"end":{"line":93,"column":13}}],"line":70},"4":{"loc":{"start":{"line":77,"column":16},"end":{"line":93,"column":13}},"type":"cond-expr","locations":[{"start":{"line":78,"column":14},"end":{"line":90,"column":15}},{"start":{"line":92,"column":14},"end":{"line":92,"column":33}}],"line":77},"5":{"loc":{"start":{"line":79,"column":16},"end":{"line":89,"column":17}},"type":"cond-expr","locations":[{"start":{"line":80,"column":18},"end":{"line":83,"column":20}},{"start":{"line":85,"column":18},"end":{"line":88,"column":20}}],"line":79}},"s":{"0":1,"1":7,"2":7,"3":7,"4":7,"5":7,"6":7,"7":1,"8":9,"9":1,"10":7,"11":1,"12":9,"13":1,"14":7,"15":1,"16":0,"17":7,"18":36},"f":{"0":7,"1":1,"2":9,"3":1,"4":9,"5":1,"6":0,"7":7,"8":36},"b":{"0":[0,7],"1":[0,7],"2":[0,7],"3":[2,5],"4":[4,1],"5":[36,0]},"_coverageSchema":"1a1c01bbd47fc00a2c39e90264f33305004495a9","hash":"1c45a05ecdac030212a4b8cd59ef964c525bd060"}
,"C:\\Users\\91844\\Desktop\\namaste-react\\13 - Time for the test\\code\\src\\components\\Header.js": {"path":"C:\\Users\\91844\\Desktop\\namaste-react\\13 - Time for the test\\code\\src\\components\\Header.js","statementMap":{"0":{"start":{"line":8,"column":15},"end":{"line":76,"column":1}},"1":{"start":{"line":9,"column":34},"end":{"line":9,"column":51}},"2":{"start":{"line":10,"column":23},"end":{"line":10,"column":40}},"3":{"start":{"line":11,"column":27},"end":{"line":11,"column":50}},"4":{"start":{"line":13,"column":20},"end":{"line":13,"column":60}},"5":{"start":{"line":13,"column":43},"end":{"line":13,"column":59}},"6":{"start":{"line":15,"column":2},"end":{"line":75,"column":4}},"7":{"start":{"line":67,"column":12},"end":{"line":67,"column":80}}},"fnMap":{"0":{"name":"(anonymous_0)","decl":{"start":{"line":8,"column":15},"end":{"line":8,"column":16}},"loc":{"start":{"line":8,"column":21},"end":{"line":76,"column":1}},"line":8},"1":{"name":"(anonymous_1)","decl":{"start":{"line":13,"column":32},"end":{"line":13,"column":33}},"loc":{"start":{"line":13,"column":43},"end":{"line":13,"column":59}},"line":13},"2":{"name":"(anonymous_2)","decl":{"start":{"line":66,"column":19},"end":{"line":66,"column":20}},"loc":{"start":{"line":66,"column":25},"end":{"line":68,"column":11}},"line":66}},"branchMap":{"0":{"loc":{"start":{"line":18,"column":9},"end":{"line":24,"column":9}},"type":"binary-expr","locations":[{"start":{"line":18,"column":9},"end":{"line":18,"column":33}},{"start":{"line":19,"column":10},"end":{"line":23,"column":12}}],"line":18},"1":{"loc":{"start":{"line":25,"column":9},"end":{"line":27,"column":9}},"type":"binary-expr","locations":[{"start":{"line":25,"column":9},"end":{"line":25,"column":33}},{"start":{"line":26,"column":10},"end":{"line":26,"column":55}}],"line":25},"2":{"loc":{"start":{"line":33,"column":45},"end":{"line":33,"column":70}},"type":"cond-expr","locations":[{"start":{"line":33,"column":60},"end":{"line":33,"column":63}},{"start":{"line":33,"column":66},"end":{"line":33,"column":70}}],"line":33},"3":{"loc":{"start":{"line":67,"column":12},"end":{"line":67,"column":79}},"type":"cond-expr","locations":[{"start":{"line":67,"column":35},"end":{"line":67,"column":56}},{"start":{"line":67,"column":59},"end":{"line":67,"column":79}}],"line":67}},"s":{"0":1,"1":3,"2":3,"3":3,"4":3,"5":6,"6":3,"7":0},"f":{"0":3,"1":6,"2":0},"b":{"0":[3,0],"1":[3,3],"2":[3,0],"3":[0,0]},"_coverageSchema":"1a1c01bbd47fc00a2c39e90264f33305004495a9","hash":"207e2bc478be1c193d7a999e5d53630a53d7dbb9"}
,"C:\\Users\\91844\\Desktop\\namaste-react\\13 - Time for the test\\code\\src\\components\\ItemList.js": {"path":"C:\\Users\\91844\\Desktop\\namaste-react\\13 - Time for the test\\code\\src\\components\\ItemList.js","statementMap":{"0":{"start":{"line":5,"column":17},"end":{"line":54,"column":1}},"1":{"start":{"line":6,"column":19},"end":{"line":6,"column":32}},"2":{"start":{"line":7,"column":24},"end":{"line":9,"column":3}},"3":{"start":{"line":8,"column":4},"end":{"line":8,"column":28}},"4":{"start":{"line":10,"column":2},"end":{"line":53,"column":4}},"5":{"start":{"line":13,"column":8},"end":{"line":50,"column":14}},"6":{"start":{"line":39,"column":31},"end":{"line":39,"column":50}}},"fnMap":{"0":{"name":"(anonymous_0)","decl":{"start":{"line":5,"column":17},"end":{"line":5,"column":18}},"loc":{"start":{"line":5,"column":61},"end":{"line":54,"column":1}},"line":5},"1":{"name":"(anonymous_1)","decl":{"start":{"line":7,"column":24},"end":{"line":7,"column":25}},"loc":{"start":{"line":7,"column":34},"end":{"line":9,"column":3}},"line":7},"2":{"name":"(anonymous_2)","decl":{"start":{"line":12,"column":17},"end":{"line":12,"column":18}},"loc":{"start":{"line":13,"column":8},"end":{"line":50,"column":14}},"line":13},"3":{"name":"(anonymous_3)","decl":{"start":{"line":39,"column":25},"end":{"line":39,"column":26}},"loc":{"start":{"line":39,"column":31},"end":{"line":39,"column":50}},"line":39}},"branchMap":{"0":{"loc":{"start":{"line":22,"column":15},"end":{"line":24,"column":51}},"type":"cond-expr","locations":[{"start":{"line":23,"column":18},"end":{"line":23,"column":44}},{"start":{"line":24,"column":18},"end":{"line":24,"column":51}}],"line":22},"1":{"loc":{"start":{"line":29,"column":13},"end":{"line":43,"column":13}},"type":"cond-expr","locations":[{"start":{"line":30,"column":14},"end":{"line":35,"column":23}},{"start":{"line":37,"column":14},"end":{"line":42,"column":23}}],"line":29}},"s":{"0":1,"1":1,"2":1,"3":2,"4":1,"5":6,"6":2},"f":{"0":1,"1":2,"2":6,"3":2},"b":{"0":[6,0],"1":[0,6]},"_coverageSchema":"1a1c01bbd47fc00a2c39e90264f33305004495a9","hash":"771711155e8b3bbfc92977a18a0bb95ff84a1e91"}
,"C:\\Users\\91844\\Desktop\\namaste-react\\13 - Time for the test\\code\\src\\components\\RestaurantCategories.js": {"path":"C:\\Users\\91844\\Desktop\\namaste-react\\13 - Time for the test\\code\\src\\components\\RestaurantCategories.js","statementMap":{"0":{"start":{"line":4,"column":29},"end":{"line":23,"column":1}},"1":{"start":{"line":5,"column":26},"end":{"line":7,"column":3}},"2":{"start":{"line":6,"column":4},"end":{"line":6,"column":18}},"3":{"start":{"line":8,"column":2},"end":{"line":22,"column":4}}},"fnMap":{"0":{"name":"(anonymous_0)","decl":{"start":{"line":4,"column":29},"end":{"line":4,"column":30}},"loc":{"start":{"line":4,"column":66},"end":{"line":23,"column":1}},"line":4},"1":{"name":"(anonymous_1)","decl":{"start":{"line":5,"column":26},"end":{"line":5,"column":27}},"loc":{"start":{"line":5,"column":32},"end":{"line":7,"column":3}},"line":5}},"branchMap":{"0":{"loc":{"start":{"line":17,"column":15},"end":{"line":17,"column":37}},"type":"cond-expr","locations":[{"start":{"line":17,"column":26},"end":{"line":17,"column":30}},{"start":{"line":17,"column":33},"end":{"line":17,"column":37}}],"line":17},"1":{"loc":{"start":{"line":20,"column":7},"end":{"line":20,"column":54}},"type":"binary-expr","locations":[{"start":{"line":20,"column":7},"end":{"line":20,"column":15}},{"start":{"line":20,"column":19},"end":{"line":20,"column":54}}],"line":20}},"s":{"0":1,"1":48,"2":1,"3":48},"f":{"0":48,"1":1},"b":{"0":[1,47],"1":[48,1]},"_coverageSchema":"1a1c01bbd47fc00a2c39e90264f33305004495a9","hash":"aa9f308e8ffa5daa4fcd6f5018f742ebe3b04efd"}
,"C:\\Users\\91844\\Desktop\\namaste-react\\13 - Time for the test\\code\\src\\components\\RestaurantMenu.js": {"path":"C:\\Users\\91844\\Desktop\\namaste-react\\13 - Time for the test\\code\\src\\components\\RestaurantMenu.js","statementMap":{"0":{"start":{"line":10,"column":23},"end":{"line":66,"column":1}},"1":{"start":{"line":11,"column":20},"end":{"line":11,"column":31}},"2":{"start":{"line":13,"column":18},"end":{"line":13,"column":42}},"3":{"start":{"line":15,"column":36},"end":{"line":15,"column":50}},"4":{"start":{"line":17,"column":2},"end":{"line":17,"column":43}},"5":{"start":{"line":17,"column":24},"end":{"line":17,"column":43}},"6":{"start":{"line":20,"column":4},"end":{"line":20,"column":44}},"7":{"start":{"line":22,"column":21},"end":{"line":25,"column":3}},"8":{"start":{"line":24,"column":6},"end":{"line":24,"column":96}},"9":{"start":{"line":27,"column":28},"end":{"line":34,"column":3}},"10":{"start":{"line":29,"column":4},"end":{"line":33,"column":5}},"11":{"start":{"line":30,"column":6},"end":{"line":30,"column":25}},"12":{"start":{"line":32,"column":6},"end":{"line":32,"column":29}},"13":{"start":{"line":36,"column":2},"end":{"line":65,"column":4}},"14":{"start":{"line":55,"column":8},"end":{"line":62,"column":10}},"15":{"start":{"line":60,"column":31},"end":{"line":60,"column":55}}},"fnMap":{"0":{"name":"(anonymous_0)","decl":{"start":{"line":10,"column":23},"end":{"line":10,"column":24}},"loc":{"start":{"line":10,"column":29},"end":{"line":66,"column":1}},"line":10},"1":{"name":"(anonymous_1)","decl":{"start":{"line":23,"column":4},"end":{"line":23,"column":5}},"loc":{"start":{"line":24,"column":6},"end":{"line":24,"column":96}},"line":24},"2":{"name":"(anonymous_2)","decl":{"start":{"line":27,"column":28},"end":{"line":27,"column":29}},"loc":{"start":{"line":27,"column":42},"end":{"line":34,"column":3}},"line":27},"3":{"name":"(anonymous_3)","decl":{"start":{"line":54,"column":22},"end":{"line":54,"column":23}},"loc":{"start":{"line":54,"column":43},"end":{"line":63,"column":7}},"line":54},"4":{"name":"(anonymous_4)","decl":{"start":{"line":60,"column":25},"end":{"line":60,"column":26}},"loc":{"start":{"line":60,"column":31},"end":{"line":60,"column":55}},"line":60}},"branchMap":{"0":{"loc":{"start":{"line":17,"column":2},"end":{"line":17,"column":43}},"type":"if","locations":[{"start":{"line":17,"column":2},"end":{"line":17,"column":43}},{"start":{},"end":{}}],"line":17},"1":{"loc":{"start":{"line":20,"column":4},"end":{"line":20,"column":44}},"type":"binary-expr","locations":[{"start":{"line":20,"column":4},"end":{"line":20,"column":38}},{"start":{"line":20,"column":42},"end":{"line":20,"column":44}}],"line":20},"2":{"loc":{"start":{"line":29,"column":4},"end":{"line":33,"column":5}},"type":"if","locations":[{"start":{"line":29,"column":4},"end":{"line":33,"column":5}},{"start":{"line":31,"column":11},"end":{"line":33,"column":5}}],"line":29}},"s":{"0":1,"1":2,"2":2,"3":2,"4":2,"5":0,"6":2,"7":2,"8":54,"9":2,"10":1,"11":0,"12":1,"13":2,"14":48,"15":1},"f":{"0":2,"1":54,"2":1,"3":48,"4":1},"b":{"0":[0,2],"1":[2,0],"2":[0,1]},"_coverageSchema":"1a1c01bbd47fc00a2c39e90264f33305004495a9","hash":"81db7cf418652fc643600d70572450da29975848"}
,"C:\\Users\\91844\\Desktop\\namaste-react\\13 - Time for the test\\code\\src\\utils\\appStore.js": {"path":"C:\\Users\\91844\\Desktop\\namaste-react\\13 - Time for the test\\code\\src\\utils\\appStore.js","statementMap":{"0":{"start":{"line":4,"column":17},"end":{"line":8,"column":2}}},"fnMap":{},"branchMap":{},"s":{"0":1},"f":{},"b":{},"_coverageSchema":"1a1c01bbd47fc00a2c39e90264f33305004495a9","hash":"0f843a5adc0b94faefc53c79d7961b499aa43bba"}
,"C:\\Users\\91844\\Desktop\\namaste-react\\13 - Time for the test\\code\\src\\utils\\constant.js": {"path":"C:\\Users\\91844\\Desktop\\namaste-react\\13 - Time for the test\\code\\src\\utils\\constant.js","statementMap":{"0":{"start":{"line":4,"column":2},"end":{"line":4,"column":85}},"1":{"start":{"line":7,"column":2},"end":{"line":7,"column":147}},"2":{"start":{"line":10,"column":2},"end":{"line":10,"column":132}}},"fnMap":{},"branchMap":{},"s":{"0":2,"1":2,"2":2},"f":{},"b":{},"_coverageSchema":"1a1c01bbd47fc00a2c39e90264f33305004495a9","hash":"69b7c11065f933acf2c39b6df00ef026616ae385"}
}
