TN:
SF:src\components\Cart.js
FN:6,(anonymous_0)
FN:8,(anonymous_1)
FN:11,(anonymous_2)
FN:14,(anonymous_3)
FNF:4
FNH:3
FNDA:4,(anonymous_0)
FNDA:8,(anonymous_1)
FNDA:1,(anonymous_2)
FNDA:0,(anonymous_3)
DA:6,1
DA:8,8
DA:10,4
DA:11,4
DA:12,1
DA:14,4
DA:15,0
DA:17,4
LF:8
LH:7
BRDA:21,0,0,2
BRDA:21,0,1,2
BRF:2
BRH:2
end_of_record
TN:
SF:src\components\Header.js
FN:8,(anonymous_0)
FN:13,(anonymous_1)
FN:66,(anonymous_2)
FNF:3
FNH:2
FNDA:4,(anonymous_0)
FNDA:8,(anonymous_1)
FNDA:0,(anonymous_2)
DA:8,1
DA:9,4
DA:10,4
DA:11,4
DA:13,8
DA:15,4
DA:67,0
LF:7
LH:6
BRDA:18,0,0,4
BRDA:18,0,1,0
BRDA:25,1,0,4
BRDA:25,1,1,4
BRDA:33,2,0,4
BRDA:33,2,1,0
BRDA:67,3,0,0
BRDA:67,3,1,0
BRF:8
BRH:4
end_of_record
TN:
SF:src\components\RestaurantMenu.js
FN:10,(anonymous_0)
FN:23,(anonymous_1)
FN:27,(anonymous_2)
FN:54,(anonymous_3)
FN:60,(anonymous_4)
FNF:5
FNH:5
FNDA:2,(anonymous_0)
FNDA:54,(anonymous_1)
FNDA:1,(anonymous_2)
FNDA:48,(anonymous_3)
FNDA:1,(anonymous_4)
DA:10,1
DA:11,2
DA:13,2
DA:15,2
DA:17,2
DA:20,2
DA:22,2
DA:24,54
DA:27,2
DA:29,1
DA:30,0
DA:32,1
DA:36,2
DA:55,48
DA:60,1
LF:15
LH:14
BRDA:17,0,0,0
BRDA:17,0,1,2
BRDA:20,1,0,2
BRDA:20,1,1,0
BRDA:29,2,0,0
BRDA:29,2,1,1
BRF:6
BRH:3
end_of_record
TN:
SF:src\utils\appStore.js
FNF:0
FNH:0
DA:4,1
LF:1
LH:1
BRF:0
BRH:0
end_of_record
