TN:
SF:src\components\Body.js
FN:6,(anonymous_0)
FN:16,(anonymous_1)
FN:17,(anonymous_2)
FN:23,(anonymous_3)
FN:24,(anonymous_4)
FN:44,(anonymous_5)
FN:64,(anonymous_6)
FN:71,(anonymous_7)
FN:78,(anonymous_8)
FNF:9
FNH:8
FNDA:7,(anonymous_0)
FNDA:1,(anonymous_1)
FNDA:9,(anonymous_2)
FNDA:1,(anonymous_3)
FNDA:9,(anonymous_4)
FNDA:1,(anonymous_5)
FNDA:0,(anonymous_6)
FNDA:7,(anonymous_7)
FNDA:36,(anonymous_8)
DA:6,1
DA:7,7
DA:9,7
DA:10,7
DA:12,7
DA:14,7
DA:16,7
DA:17,1
DA:18,9
DA:20,1
DA:23,7
DA:24,9
DA:26,1
DA:29,7
DA:44,1
DA:65,0
DA:72,7
DA:79,36
LF:18
LH:17
BRDA:31,0,0,0
BRDA:31,0,1,7
BRDA:33,1,0,0
BRDA:33,1,1,7
BRDA:63,2,0,0
BRDA:63,2,1,7
BRDA:70,3,0,2
BRDA:70,3,1,5
BRDA:77,4,0,4
BRDA:77,4,1,1
BRDA:79,5,0,36
BRDA:79,5,1,0
BRF:12
BRH:8
end_of_record
TN:
SF:src\components\RestaurantCard.js
FN:4,(anonymous_0)
FN:30,(anonymous_1)
FN:31,(anonymous_2)
FNF:3
FNH:3
FNDA:43,(anonymous_0)
FNDA:7,(anonymous_1)
FNDA:36,(anonymous_2)
DA:4,1
DA:5,43
DA:6,43
DA:30,1
DA:31,7
DA:32,36
LF:6
LH:6
BRF:0
BRH:0
end_of_record
